{
  "RSpec": {
    "coverage": {
      "/Users/atipmac/homework-5-rahib04/app/helpers/application_helper.rb": {
        "lines": [
          1,
          null
        ]
      },
      "/Users/atipmac/homework-5-rahib04/app/helpers/todos_helper.rb": {
        "lines": [
          1,
          null
        ]
      },
      "/Users/atipmac/homework-5-rahib04/app/models/todo.rb": {
        "lines": [
          1,
          1,
          1,
          null,
          1,
          null,
          1,
          2,
          null,
          2,
          null,
          null
        ]
      },
      "/Users/atipmac/homework-5-rahib04/app/models/application_record.rb": {
        "lines": [
          1,
          1,
          null
        ]
      },
      "/Users/atipmac/homework-5-rahib04/app/controllers/todos_controller.rb": {
        "lines": [
          1,
          1,
          null,
          null,
          1,
          1,
          1,
          1,
          null,
          null,
          null,
          null,
          1,
          null,
          null,
          null,
          1,
          0,
          null,
          null,
          null,
          1,
          null,
          null,
          null,
          1,
          0,
          null,
          0,
          0,
          0,
          0,
          null,
          0,
          0,
          null,
          null,
          null,
          null,
          null,
          1,
          0,
          0,
          0,
          0,
          null,
          0,
          0,
          null,
          null,
          null,
          null,
          null,
          1,
          0,
          null,
          0,
          0,
          0,
          null,
          null,
          null,
          null,
          1,
          0,
          null,
          0,
          0,
          0,
          null,
          null,
          null,
          1,
          0,
          0,
          0,
          null,
          null,
          null,
          1,
          null,
          1,
          0,
          null,
          null,
          null,
          1,
          0,
          null,
          null
        ]
      },
      "/Users/atipmac/homework-5-rahib04/app/controllers/application_controller.rb": {
        "lines": [
          1,
          null,
          1,
          null
        ]
      },
      "/Users/atipmac/homework-5-rahib04/app/jobs/application_job.rb": {
        "lines": [
          0,
          null,
          null,
          null,
          null,
          null,
          0
        ],
        "branches": {}
      },
      "/Users/atipmac/homework-5-rahib04/app/mailers/application_mailer.rb": {
        "lines": [
          0,
          0,
          0,
          0
        ],
        "branches": {}
      }
    },
    "timestamp": 1780925270
  },
  "Cucumber Features": {
    "coverage": {
      "/Users/atipmac/homework-5-rahib04/app/models/todo.rb": {
        "lines": [
          1,
          1,
          1,
          null,
          1,
          null,
          1,
          2,
          null,
          2,
          null,
          null
        ]
      },
      "/Users/atipmac/homework-5-rahib04/app/models/application_record.rb": {
        "lines": [
          1,
          1,
          null
        ]
      },
      "/Users/atipmac/homework-5-rahib04/app/controllers/todos_controller.rb": {
        "lines": [
          1,
          1,
          null,
          null,
          1,
          4,
          4,
          2,
          null,
          null,
          null,
          null,
          1,
          null,
          null,
          null,
          1,
          0,
          null,
          null,
          null,
          1,
          null,
          null,
          null,
          1,
          0,
          null,
          0,
          0,
          0,
          0,
          null,
          0,
          0,
          null,
          null,
          null,
          null,
          null,
          1,
          0,
          0,
          0,
          0,
          null,
          0,
          0,
          null,
          null,
          null,
          null,
          null,
          1,
          0,
          null,
          0,
          0,
          0,
          null,
          null,
          null,
          null,
          1,
          0,
          null,
          0,
          0,
          0,
          null,
          null,
          null,
          1,
          0,
          0,
          0,
          null,
          null,
          null,
          1,
          null,
          1,
          0,
          null,
          null,
          null,
          1,
          0,
          null,
          null
        ]
      },
      "/Users/atipmac/homework-5-rahib04/app/controllers/application_controller.rb": {
        "lines": [
          1,
          null,
          1,
          null
        ]
      },
      "/Users/atipmac/homework-5-rahib04/app/helpers/application_helper.rb": {
        "lines": [
          1,
          null
        ]
      },
      "/Users/atipmac/homework-5-rahib04/app/helpers/todos_helper.rb": {
        "lines": [
          1,
          null
        ]
      },
      "/Users/atipmac/homework-5-rahib04/app/jobs/application_job.rb": {
        "lines": [
          0,
          null,
          null,
          null,
          null,
          null,
          0
        ],
        "branches": {}
      },
      "/Users/atipmac/homework-5-rahib04/app/mailers/application_mailer.rb": {
        "lines": [
          0,
          0,
          0,
          0
        ],
        "branches": {}
      }
    },
    "timestamp": 1780925286
  }
}
